<?xml version="1.0" encoding="UTF-8"?>
<testsuite xmlns:xsi="http://www.w3.org/2001/XMLSchema-instance" xsi:noNamespaceSchemaLocation="https://maven.apache.org/surefire/maven-surefire-plugin/xsd/surefire-test-report-3.0.xsd" version="3.0" name="se.yrgo.integrations.RunCucumberTest" time="18.134" tests="3" errors="0" skipped="0" failures="0">
  <properties>
[...]
</properties>
  <testcase name="Getting to the search page" classname="View search form" time="7.795">
    <system-out><![CDATA[
Scenario: Getting to the search page         &amp#27;[90m# se/yrgo/integrations/01-view-search-form.feature:4&amp#27;[0m
  &amp#27;[32mGiven &amp#27;[0m&amp#27;[32mthe user is on the start page.&amp#27;[0m       &amp#27;[90m# se.yrgo.integrations.GeneralStepDefinitions.the_user_is_on_the_start_page()&amp#27;[0m
  &amp#27;[32mAnd &amp#27;[0m&amp#27;[32mthe user navigates to the book search.&amp#27;[0m &amp#27;[90m# se.yrgo.integrations.SearchStepDefinitions.the_user_navigates_to_the_book_search()&amp#27;[0m
  &amp#27;[32mThen &amp#27;[0m&amp#27;[32mthey can see the search form.&amp#27;[0m         &amp#27;[90m# se.yrgo.integrations.SearchStepDefinitions.they_can_see_the_search_form()&amp#27;[0m
]]></system-out>
  </testcase>
  <testcase name="Getting to the search page and type &quot;Astrid Lindgren&quot; in the search form." classname="Searching for books by Author name" time="2.134">
    <system-out><![CDATA[
Scenario: Getting to the search page and type "Astrid Lindgren" in the search form. &amp#27;[90m# se/yrgo/integrations/02-search-by-author.feature:3&amp#27;[0m
  &amp#27;[32mGiven &amp#27;[0m&amp#27;[32mthe user is on the start page.&amp#27;[0m                                              &amp#27;[90m# se.yrgo.integrations.GeneralStepDefinitions.the_user_is_on_the_start_page()&amp#27;[0m
  &amp#27;[32mAnd &amp#27;[0m&amp#27;[32mthe user navigates to the book search.&amp#27;[0m                                        &amp#27;[90m# se.yrgo.integrations.SearchStepDefinitions.the_user_navigates_to_the_book_search()&amp#27;[0m
  &amp#27;[32mWhen &amp#27;[0m&amp#27;[32mthe user types &amp#27;[0m&amp#27;[32m&amp#27;[1m"Astrid Lindgren"&amp#27;[0m&amp#27;[32m in the search form.&amp#27;[0m                         &amp#27;[90m# se.yrgo.integrations.SearchStepDefinitions.the_user_types_in_the_search_form(java.lang.String)&amp#27;[0m
  &amp#27;[32mThen &amp#27;[0m&amp#27;[32mthe search results should include all books written by &amp#27;[0m&amp#27;[32m&amp#27;[1m"Astrid Lindgren"&amp#27;[0m&amp#27;[32m.&amp#27;[0m    &amp#27;[90m# se.yrgo.integrations.SearchStepDefinitions.the_search_results_should_include_all_books_written_by(java.lang.String)&amp#27;[0m
]]></system-out>
  </testcase>
  <testcase name="Searching for an author who is not in the library" classname="Displaying a message when no books by the searched author are found" time="7.109">
    <system-out><![CDATA[
Scenario: Searching for an author who is not in the library   &amp#27;[90m# se/yrgo/integrations/03-no-books-found.feature:5&amp#27;[0m
  &amp#27;[32mGiven &amp#27;[0m&amp#27;[32mthe user is on the start page.&amp#27;[0m                        &amp#27;[90m# se.yrgo.integrations.GeneralStepDefinitions.the_user_is_on_the_start_page()&amp#27;[0m
  &amp#27;[32mAnd &amp#27;[0m&amp#27;[32mthe user navigates to the book search.&amp#27;[0m                  &amp#27;[90m# se.yrgo.integrations.SearchStepDefinitions.the_user_navigates_to_the_book_search()&amp#27;[0m
  &amp#27;[32mWhen &amp#27;[0m&amp#27;[32mthe user types &amp#27;[0m&amp#27;[32m&amp#27;[1m"Unknown Author"&amp#27;[0m&amp#27;[32m in the search form.&amp#27;[0m    &amp#27;[90m# se.yrgo.integrations.SearchStepDefinitions.the_user_types_in_the_search_form(java.lang.String)&amp#27;[0m
  &amp#27;[32mThen &amp#27;[0m&amp#27;[32ma message should be displayed saying &amp#27;[0m&amp#27;[32m&amp#27;[1m"No books found"&amp#27;[0m&amp#27;[32m.&amp#27;[0m &amp#27;[90m# se.yrgo.integrations.SearchStepDefinitions.a_message_should_be_displayed_saying(java.lang.String)&amp#27;[0m
]]></system-out>
  </testcase>
</testsuite>